Building DAG of jobs...
Using shell: /bin/bash
Provided cores: 1
Rules claiming more threads will be scaled down.
Job counts:
	count	jobs
	1	gen_ids
	1	report
	1	uniprot_info
	3

rule gen_ids:
    input: Data/Oefen_PMIDs.txt
    output: Data/Oefen_Gen_IDs.txt, Data/Oefen_Uniprot_IDs.txt
    jobid: 2

Finished job 2.
1 of 3 steps (33%) done

rule uniprot_info:
    input: Data/Oefen_Uniprot_IDs.txt
    output: Data/Oefen_Uniprot_info.txt
    jobid: 3

Finished job 3.
2 of 3 steps (67%) done

rule report:
    input: Data/Oefen_RNA-Seq-IDs.txt, Data/Oefen_PMIDs.txt, Data/Oefen_Gen_info.txt, Data/Oefen_Seq_GC.txt, Data/Oefen_Gen_IDs.txt, Data/Oefen_Uniprot_info.txt, Data/Oefen_Uniprot_IDs.txt, Data/out.png
    output: report.html
    jobid: 0

Finished job 0.
3 of 3 steps (100%) done
Complete log: /home/sanne/Documents/AAA-Sanne/git/Workflow_Course11/.snakemake/log/2018-06-08T113730.476853.snakemake.log
