Building DAG of jobs...
Using shell: /bin/bash
Provided cores: 1
Rules claiming more threads will be scaled down.
Job counts:
	count	jobs
	1	gene_info
	1	get_PMIDs
	1	report
	1	seq_gc
	4

rule get_PMIDs:
    input: Data/Oefen_RNA-Seq-IDs.txt
    output: Data/Oefen_PMIDs.txt
    jobid: 1

Finished job 1.
1 of 4 steps (25%) done

rule gene_info:
    input: Data/Oefen_PMIDs.txt
    output: Data/Oefen_Gen_info.txt
    jobid: 2

Finished job 2.
2 of 4 steps (50%) done

rule seq_gc:
    input: Data/Oefen_Gen_info.txt
    output: Data/Oefen_Seq_GC.txt
    jobid: 3

Finished job 3.
3 of 4 steps (75%) done

rule report:
    input: Data/Oefen_RNA-Seq-IDs.txt, Data/Oefen_PMIDs.txt, Data/Oefen_Gen_info.txt, Data/Oefen_Seq_GC.txt
    output: report.html
    jobid: 0

Finished job 0.
4 of 4 steps (100%) done
Complete log: /home/sanne/Documents/AAA-Sanne/git/Workflow_Course11/.snakemake/log/2018-06-05T222508.373078.snakemake.log
