Building DAG of jobs...
Using shell: /bin/bash
Provided cores: 1
Rules claiming more threads will be scaled down.
Job counts:
	count	jobs
	1	report
	1	uniprot_info
	2

rule uniprot_info:
    input: Data/Oefen_Uniprot_IDs.txt
    output: Data/Oefen_Uniprot_info.txt
    jobid: 5

Finished job 5.
1 of 2 steps (50%) done

rule report:
    input: Data/Oefen_RNA-Seq-IDs.txt, Data/Oefen_PMIDs.txt, Data/Oefen_Gen_info.txt, Data/Oefen_Seq_GC.txt, Data/Oefen_Gen_IDs.txt, Data/Oefen_Uniprot_info.txt, Data/Oefen_Uniprot_IDs.txt
    output: report.html
    jobid: 0

Finished job 0.
2 of 2 steps (100%) done
Complete log: /home/sanne/Documents/AAA-Sanne/git/Workflow_Course11/.snakemake/log/2018-06-05T225327.411031.snakemake.log
