Building DAG of jobs...
Using shell: /bin/bash
Provided cores: 1
Rules claiming more threads will be scaled down.
Job counts:
	count	jobs
	1	report
	1

rule report:
    input: Data/Oefen_RNA-Seq-IDs.txt, Data/Oefen_PMIDs.txt, Data/Oefen_Gen_info.txt, Data/Oefen_Seq_GC.txt
    output: report.html
    jobid: 0

    Error in rule report:
        jobid: 0
        output: report.html

RuleException:
CalledProcessError in line 45 of /home/sanne/Documents/AAA-Sanne/git/Workflow_Course11/Snakefile:
Command ' set -euo pipefail;  python Scripts/make_report.py Data/Oefen_RNA-Seq-IDs.txt Data/Oefen_PMIDs.txt Data/Oefen_Gen_info.txt Data/Oefen_Seq_GC.txt report.html ' returned non-zero exit status 1.
  File "/home/sanne/Documents/AAA-Sanne/git/Workflow_Course11/Snakefile", line 45, in __rule_report
  File "/home/sanne/anaconda3/lib/python3.6/concurrent/futures/thread.py", line 56, in run
Shutting down, this might take some time.
Exiting because a job execution failed. Look above for error message
Complete log: /home/sanne/Documents/AAA-Sanne/git/Workflow_Course11/.snakemake/log/2018-06-04T185559.849573.snakemake.log
